C251 COMPILER V5.60.0,  isr                                                                25/06/23  18:36:40  PAGE 1   


C251 COMPILER V5.60.0, COMPILATION OF MODULE isr
OBJECT MODULE PLACED IN .\Out_File\isr.obj
COMPILER INVOKED BY: D:\keil\keil251\C251\BIN\C251.EXE ..\USER\src\isr.c XSMALL WARNINGLEVEL(3) BROWSE INCDIR(..\..\Libr
                    -aries\libraries;..\..\Libraries\seekfree_libraries;..\..\Libraries\seekfree_peripheral;..\CODE;..\USER\inc;..\USER\src;.
                    -.\..\..\DIANCI) DEBUG PRINT(.\Out_File\isr.lst) OBJECT(.\Out_File\isr.obj) 

stmt  level    source

    1          ///******************************************************************************************************
             -***************
    2          // * COPYRIGHT NOTICE
    3          // * Copyright (c) 2020,逐飞科技
    4          // * All rights reserved.
    5          // * 技术讨论QQ群：一群：179029047(已满)  二群：244861897(已满)  三群：824575535
    6          // *
    7          // * 以下所有内容版权均属逐飞科技所有，未经允许不得用于商业用途，
    8          // * 欢迎各位使用并传播本程序，修改内容时必须保留逐飞科技的版权声明。
    9          // *
   10          // * @file                      isr
   11          // * @company                   成都逐飞科技有限公司
   12          // * @author                    逐飞科技(QQ790875685)
   13          // * @version                   查看doc内version文件 版本说明
   14          // * @Software                  MDK FOR C251 V5.60
   15          // * @Target core               STC32G12K128
   16          // * @Taobao                    https://seekfree.taobao.com/
   17          // * @date                      2020-4-14
   18          // ******************************************************************************************************
             -**************/
   19          //ADCIF：ADC_DMA 中断请求标志位，当 ADC_DMA 完成扫描所有使能的 ADC 通道后后，硬件自动将
   20          //ADCIF 置 1，若使能 ADC_DMA 中断则进入中断服务程序。标志位需软件清零
   21          #include "headfile.h"
   22          int duty;
   23          int f=0;
   24          //UART1中断
   25          void UART1_Isr() interrupt 4
   26          {
   27   1          uint8 res;
   28   1              static uint8 dwon_count;
   29   1          if(UART1_GET_TX_FLAG)
   30   1          {
   31   2              UART1_CLEAR_TX_FLAG;
   32   2              busy[1] = 0;
   33   2          }
   34   1          if(UART1_GET_RX_FLAG)
   35   1          {
   36   2              UART1_CLEAR_RX_FLAG;
   37   2              res = SBUF;
   38   2              //程序自动下载
   39   2              if(res == 0x7F)
   40   2              {
   41   3                  if(dwon_count++ > 20)
   42   3                      IAP_CONTR = 0x60;
   43   3              }
   44   2              else
   45   2              {
   46   3                  dwon_count = 0;
   47   3              }
   48   2          }
   49   1      }
   50          
   51          //UART2中断
   52          void UART2_Isr() interrupt 8
   53          {
   54   1          if(UART2_GET_TX_FLAG)
   55   1              {
C251 COMPILER V5.60.0,  isr                                                                25/06/23  18:36:40  PAGE 2   

   56   2              UART2_CLEAR_TX_FLAG;
   57   2                      busy[2] = 0;
   58   2              }
   59   1          if(UART2_GET_RX_FLAG)
   60   1              {
   61   2              UART2_CLEAR_RX_FLAG;
   62   2                      //接收数据寄存器为：S2BUF
   63   2      
   64   2              }
   65   1      }
   66          
   67          
   68          //UART3中断
   69          void UART3_Isr() interrupt 17
   70          {
   71   1          if(UART3_GET_TX_FLAG)
   72   1              {
   73   2              UART3_CLEAR_TX_FLAG;
   74   2                      busy[3] = 0;
   75   2              }
   76   1          if(UART3_GET_RX_FLAG)
   77   1              {
   78   2              UART3_CLEAR_RX_FLAG;
   79   2                      //接收数据寄存器为：S3BUF
   80   2      
   81   2              }
   82   1      }
   83          
   84          
   85          //UART4中断
   86          void UART4_Isr() interrupt 18
   87          {
   88   1          if(UART4_GET_TX_FLAG)
   89   1              {
   90   2              UART4_CLEAR_TX_FLAG;
   91   2                      busy[4] = 0;
   92   2              }
   93   1          if(UART4_GET_RX_FLAG)
   94   1              {
   95   2              UART4_CLEAR_RX_FLAG;
   96   2      
   97   2                      //接收数据寄存器为：S4BUF;
   98   2                      if(wireless_type == WIRELESS_SI24R1)
   99   2              {
  100   3                  wireless_uart_callback();           //无线转串口回调函数
  101   3              }
  102   2              else if(wireless_type == WIRELESS_CH9141)
  103   2              {
  104   3                  bluetooth_ch9141_uart_callback();   //蓝牙转串口回调函数
  105   3              }
  106   2              else if(wireless_type == WIRELESS_CH573)
  107   2              {
  108   3                  wireless_ch573_callback();          //CH573无线模块回调函数
  109   3              }
  110   2              }
  111   1      }
  112          
  113          #define LED P52
  114          void INT0_Isr() interrupt 0
  115          {
  116   1              do{
  117   2                      delay_ms(10);
  118   2              }while(P32==0);
  119   1              if(P32==1){
  120   2               if(duty >= 750||f==1)
  121   2                      {
C251 COMPILER V5.60.0,  isr                                                                25/06/23  18:36:40  PAGE 3   

  122   3                              f=1;
  123   3                              duty -=50 ;
  124   3                              if(duty<=0) f=0;
  125   3                      }
  126   2                      else duty += 50;
  127   2              
  128   2              }
  129   1              INT0_CLEAR_FLAG;  //清除中断标志
  130   1                      
  131   1      }
  132                  
  133          
  134          void INT1_Isr() interrupt 2
  135          {
  136   1      
  137   1      }
  138          void INT2_Isr() interrupt 10
  139          {
  140   1              INT2_CLEAR_FLAG;  //清除中断标志
  141   1      }
  142          void INT3_Isr() interrupt 11
  143          {
  144   1              INT3_CLEAR_FLAG;  //清除中断标志
  145   1      }
  146          
  147          void INT4_Isr() interrupt 16
  148          {
  149   1              INT4_CLEAR_FLAG;  //清除中断标志
  150   1      }
  151          
  152          void TM0_Isr() interrupt 1
  153          {
  154   1      
  155   1      }
  156          void TM1_Isr() interrupt 3
  157          {
  158   1      
  159   1      }
  160          void TM2_Isr() interrupt 12
  161          {
  162   1              TIM2_CLEAR_FLAG;  //清除中断标志
  163   1              
  164   1      }
  165          void TM3_Isr() interrupt 19
  166          {
  167   1              TIM3_CLEAR_FLAG; //清除中断标志
  168   1              
  169   1      }
  170          
  171          extern void pit_handler();
  172          void TM4_Isr() interrupt 20
  173          {
  174   1              TIM4_CLEAR_FLAG; //清除中断标志
  175   1      //      ccd_collect();   //CCD采集数据
  176   1              pit_handler();
  177   1      
  178   1      }
  179          //========================================================================
  180          // 函数: DMA_ADC_ISR_Handler
  181          // 描述: DMA ADC 中断函数.
  182          // 参数: none.
  183          // 返回: none.
  184          // 版本: V1.0, 2022-03-23
  185          //========================================================================
  186          //void DMA_ADC_ISR_Handler (void) interrupt 48
  187          //{
C251 COMPILER V5.60.0,  isr                                                                25/06/23  18:36:40  PAGE 4   

  188          //      // TODO: 在此处添加用户代码
  189          //      if(DMA_ADC_STA & 0x01)  //AD转换完成
  190          //      {
  191          //              DMA_ADC_STA &= ~0x01;   //清标志位
  192          //              DmaADCFlag = 1;
  193          //      }
  194          //}
  195          
  196          //========================================================================
  197          // 函数: DMA_ISR_Handler
  198          // 描述: DMA中断函数.
  199          // 参数: none.
  200          // 返回: none.
  201          // 版本: V1.0, 2021-05-25
  202          //========================================================================
  203          void DMA_ISR_Handler (void) interrupt 13
  204          {
  205   1              // TODO: 在此处添加用户代码
  206   1              
  207   1              //----------- DMA ADC --------------
  208   1              if(DMA_ADC_STA & 0x01)  //AD转换完成
  209   1              {
  210   2                      DMA_ADC_STA &= ~0x01;   //清标志位
  211   2                      DmaADCFlag = 1;
  212   2              }
  213   1      }
  214          
  215          //void  INT0_Isr()  interrupt 0;
  216          //void  TM0_Isr()   interrupt 1;
  217          //void  INT1_Isr()  interrupt 2;
  218          //void  TM1_Isr()   interrupt 3;
  219          //void  UART1_Isr() interrupt 4;
  220          //void  ADC_Isr()   interrupt 5;
  221          //void  LVD_Isr()   interrupt 6;
  222          //void  PCA_Isr()   interrupt 7;
  223          //void  UART2_Isr() interrupt 8;
  224          //void  SPI_Isr()   interrupt 9;
  225          //void  INT2_Isr()  interrupt 10;
  226          //void  INT3_Isr()  interrupt 11;
  227          //void  TM2_Isr()   interrupt 12;
  228          //void  INT4_Isr()  interrupt 16;
  229          //void  UART3_Isr() interrupt 17;
  230          //void  UART4_Isr() interrupt 18;
  231          //void  TM3_Isr()   interrupt 19;
  232          //void  TM4_Isr()   interrupt 20;
  233          //void  CMP_Isr()   interrupt 21;
  234          //void  I2C_Isr()   interrupt 24;
  235          //void  USB_Isr()   interrupt 25;
  236          //void  PWM1_Isr()  interrupt 26;
  237          //void  PWM2_Isr()  interrupt 27;
  238          
  239          


Module Information          Static   Overlayable
------------------------------------------------
  code size            =       482     ------
  ecode size           =    ------     ------
  data size            =    ------     ------
  idata size           =    ------     ------
  pdata size           =    ------     ------
  xdata size           =    ------     ------
  xdata-const size     =    ------     ------
  edata size           =         5     ------
  bit size             =    ------     ------
  ebit size            =    ------     ------
  bitaddressable size  =    ------     ------
C251 COMPILER V5.60.0,  isr                                                                25/06/23  18:36:40  PAGE 5   

  ebitaddressable size =    ------     ------
  far data size        =    ------     ------
  huge data size       =    ------     ------
  const size           =    ------     ------
  hconst size          =         6     ------
End of Module Information.


C251 COMPILATION COMPLETE.  0 WARNING(S),  0 ERROR(S)
