C251 COMPILER V5.60.0,  main                                                               09/06/23  13:14:12  PAGE 1   


C251 COMPILER V5.60.0, COMPILATION OF MODULE main
OBJECT MODULE PLACED IN .\Out_File\main.obj
COMPILER INVOKED BY: D:\Keil_v5\C251\BIN\C251.EXE ..\USER\src\main.c XSMALL WARNINGLEVEL(3) BROWSE INCDIR(..\..\Librarie
                    -s\libraries;..\..\Libraries\seekfree_libraries;..\..\Libraries\seekfree_peripheral;..\CODE;..\USER\inc;..\USER\src;..\..
                    -\..\DIANCI) DEBUG PRINT(.\Out_File\main.lst) TABS(2) OBJECT(.\Out_File\main.obj) 

stmt  level    source

    1          /********************************************************************************************************
             -*************
    2           * COPYRIGHT NOTICE
    3           * Copyright (c) 2020,逐飞科技
    4           * All rights reserved.
    5           * 技术讨论QQ群：一群：179029047(已满)  二群：244861897(已满)  三群：824575535
    6           *
    7           * 以下所有内容版权均属逐飞科技所有，未经允许不得用于商业用途，
    8           * 欢迎各位使用并传播本程序，修改内容时必须保留逐飞科技的版权声明。
    9           *
   10           * @file          main
   11           * @company       成都逐飞科技有限公司
   12           * @author        逐飞科技(QQ790875685)
   13           * @version       查看doc内version文件 版本说明
   14           * @Software    MDK FOR C251 V5.60
   15           * @Target core   STC32G12K128
   16           * @Taobao      https://seekfree.taobao.com/
   17           * @date          2020-12-18
   18           ********************************************************************************************************
             -************/
   19          
   20          #include "headfile.h"
   21          
   22          
   23          /*
   24           * 系统频率，可查看board.h中的 FOSC 宏定义修改。 // ????0??????
   25           * board.h文件中FOSC的值设置为0,则程序自动设置系统频率为33.1776MHZ
   26           * 在board_init中,已经将P54引脚设置为复位
   27           * 如果需要使用P54引脚,可以在board.c文件中的board_init()函数中删除SET_P54_RESRT即可
   28           */
   29          void main()
   30          {
   31   1        board_init();     // 初始化寄存器,勿删除此句代码。
   32   1        Use_adc_Init();
   33   1        DMA_config();
   34   1        EnableGlobalIRQ();
   35   1        
   36   1        OLED_Init();        //初始化OLED
   37   1        OLED_Clear();
   38   1        OLED_DisPlay_On();          //初始化LED
   39   1       
   40   1        while(1)
   41   1        { 
   42   2            
   43   2           // 此处编写需要循环执行的代码
   44   2          shuju_adc();
   45   2          
   46   2           delay_ms(200); //200ms输出一次采样结果，方便观察
   47   2          OLED_Refresh();
   48   2          
   49   2        }
   50   1      }
   51          
   52             
   53          
   54          
   55          //Use_adc_Init();
C251 COMPILER V5.60.0,  main                                                               09/06/23  13:14:12  PAGE 2   

   56          //  DMA_config();
   57          //  EnableGlobalIRQ();   
   58          //    while(1)
   59          //  {
   60          //    uint8 i,n;
   61          //     // 此处编写需要循环执行的代码
   62          //     delay_ms(200); //200ms输出一次采样结果，方便观察
   63          //    
   64          //    if(DmaADCFlag)  //判断ADC DMA采样是否完成
   65          //    {
   66          //      DmaADCFlag = 0; //清除完成标志
   67          //      for(i=0; i<ADC_CH; i++)     //打印每个设置通道的采样结果
   68          //      {
   69          //        printf("%d:",i);
   70          //        for(n=0; n<ADC_DATA; n++)   //打印当前通道的采样数据
   71          //        {
   72          //          printf("%02d ",DmaAdBuffer[i][n]);  //第1组数据,...,第n组数据,AD通道,平均余数,平均值
   73          //        }
   74          //        
   75          //        printf("\r\n"); //串口输出回车换行符
   76          //      }
   77          //      printf("\r\n");     //串口输出回车换行符
   78          //      DMA_ADC_TRIG();   //重新触发启动下一次转换
   79          //    }
   80          //    
   81          //    }
   82          
   83          
   84          
   85             //   gpio_mode(INT0_P32,GPI_IMPEDANCE);
   86            //   exit_init(INT0_P32,FALLING_EDGE);   //初始化P32 作为外部中断引脚
   87            //     motor_init();
   88            //     pwm_init(PWMB_CH3_P22 , 50,3390 );     //初始化PWMA  使用引脚P7.4  输出PWM频率50HZ   占空比为百分
             -之 pwm_duty / PWM_DUTY_MAX * 100
   89          
   90          
   91          
   92          
   93          
   94          
   95          
   96          
   97          
   98          
   99          


Module Information          Static   Overlayable
------------------------------------------------
  code size            =        36     ------
  ecode size           =    ------     ------
  data size            =    ------     ------
  idata size           =    ------     ------
  pdata size           =    ------     ------
  xdata size           =    ------     ------
  xdata-const size     =    ------     ------
  edata size           =    ------     ------
  bit size             =    ------     ------
  ebit size            =    ------     ------
  bitaddressable size  =    ------     ------
  ebitaddressable size =    ------     ------
  far data size        =    ------     ------
  huge data size       =    ------     ------
  const size           =    ------     ------
  hconst size          =    ------     ------
End of Module Information.


C251 COMPILATION COMPLETE.  0 WARNING(S),  0 ERROR(S)
