C251 COMPILER V5.60.0,  PWM                                                                09/06/23  13:14:12  PAGE 1   


C251 COMPILER V5.60.0, COMPILATION OF MODULE PWM
OBJECT MODULE PLACED IN .\Out_File\PWM.obj
COMPILER INVOKED BY: D:\Keil_v5\C251\BIN\C251.EXE ..\USER\src\PWM.c XSMALL WARNINGLEVEL(3) BROWSE INCDIR(..\..\Libraries
                    -\libraries;..\..\Libraries\seekfree_libraries;..\..\Libraries\seekfree_peripheral;..\CODE;..\USER\inc;..\USER\src;..\..\
                    -..\DIANCI) DEBUG PRINT(.\Out_File\PWM.lst) TABS(2) OBJECT(.\Out_File\PWM.obj) 

stmt  level    source

    1          #include "headfile.h"
    2          
    3          
    4          
    5          
    6          


Module Information          Static   Overlayable
------------------------------------------------
  code size            =    ------     ------
  ecode size           =    ------     ------
  data size            =    ------     ------
  idata size           =    ------     ------
  pdata size           =    ------     ------
  xdata size           =    ------     ------
  xdata-const size     =    ------     ------
  edata size           =    ------     ------
  bit size             =    ------     ------
  ebit size            =    ------     ------
  bitaddressable size  =    ------     ------
  ebitaddressable size =    ------     ------
  far data size        =    ------     ------
  huge data size       =    ------     ------
  const size           =    ------     ------
  hconst size          =    ------     ------
End of Module Information.


C251 COMPILATION COMPLETE.  0 WARNING(S),  0 ERROR(S)
