C251 COMPILER V5.60.0,  SEEKFREE_DL1A                                                      25/06/23  16:28:08  PAGE 1   


C251 COMPILER V5.60.0, COMPILATION OF MODULE SEEKFREE_DL1A
OBJECT MODULE PLACED IN .\Out_File\SEEKFREE_DL1A.obj
COMPILER INVOKED BY: D:\keil\keil251\C251\BIN\C251.EXE ..\..\Libraries\seekfree_peripheral\SEEKFREE_DL1A.c XSMALL WARNIN
                    -GLEVEL(3) BROWSE INCDIR(..\..\Libraries\libraries;..\..\Libraries\seekfree_libraries;..\..\Libraries\seekfree_peripheral
                    -;..\CODE;..\USER\inc;..\USER\src;..\..\..\DIANCI) DEBUG PRINT(.\Out_File\SEEKFREE_DL1A.lst) OBJECT(.\Out_File\SEEKFREE_D
                    -L1A.obj) 

stmt  level    source

    1          /********************************************************************************************************
             -*************
    2          * MM32F527X-E9P Opensourec Library å³ï¼ˆMM32F527X-E9P å¼€æºåº“ï¼‰æ˜¯ä¸€ä¸ªåŸºäºå®˜æ–¹ SDK æ¥å£çš„ç¬¬
             -ä¸‰æ–¹å¼€æºåº“
    3          * Copyright (c) 2022 SEEKFREE é€é£ç§‘æŠ€
    4          * 
    5          * æœ¬æ–‡ä»¶æ˜¯ MM32F527X-E9P å¼€æºåº“çš„ä¸€éƒ¨åˆ†
    6          * 
    7          * MM32F527X-E9P å¼€æºåº“ æ˜¯å…è´¹è½¯ä»¶
    8          * æ‚¨å¯ä»¥æ ¹æ®è‡ªç”±è½¯ä»¶åŸºé‡‘ä¼šå‘å¸ƒçš„ GPLï¼ˆGNU General Public Licenseï¼Œå³ GNUé€šç”¨å…¬å…±è®¸
             -å¯è¯ï¼‰çš„æ¡æ¬¾
    9          * å³ GPL çš„ç¬¬3ç‰ˆï¼ˆå³ GPL3.0ï¼‰æˆ–ï¼ˆæ‚¨é€‰æ‹©çš„ï¼‰ä»»ä½•åæ¥çš„ç‰ˆæœ¬ï¼Œé‡æ–°å‘å¸ƒå’Œ/æˆ–ä¿®æ”
             -¹å®ƒ
   10          * 
   11          * æœ¬å¼€æºåº“çš„å‘å¸ƒæ˜¯å¸Œæœ›å®ƒèƒ½å‘æŒ¥ä½œç”¨ï¼Œä½†å¹¶æœªå¯¹å…¶ä½œä»»ä½•çš„ä¿è¯
   12          * ç”šè‡³æ²¡æœ‰éšå«çš„é€‚é”€æ€§æˆ–é€‚åˆç‰¹å®šç”¨é€”çš„ä¿è¯
   13          * æ›´å¤šç»†èŠ‚è¯·å‚è§ GPL
   14          * 
   15          * æ‚¨åº”è¯¥åœ¨æ”¶åˆ°æœ¬å¼€æºåº“çš„åŒæ—¶æ”¶åˆ°ä¸€ä»½ GPL çš„å‰¯æœ¬
   16          * å¦‚æœæ²¡æœ‰ï¼Œè¯·å‚é˜…<https://www.gnu.org/licenses/>
   17          * 
   18          * é¢å¤–æ³¨æ˜ï¼š
   19          * æœ¬å¼€æºåº“ä½¿ç”¨ GPL3.0 å¼€æºè®¸å¯è¯åè®® ä»¥ä¸Šè®¸å¯ç”³æ˜ä¸ºè¯‘æ–‡ç‰ˆæœ¬
   20          * è®¸å¯ç”³æ˜è‹±æ–‡ç‰ˆåœ¨ libraries/doc æ–‡ä»¶å¤¹ä¸‹çš„ GPL3_permission_statement.txt æ–‡ä»¶ä¸­
   21          * è®¸å¯è¯å‰¯æœ¬åœ¨ libraries æ–‡ä»¶å¤¹ä¸‹ å³è¯¥æ–‡ä»¶å¤¹ä¸‹çš„ LICENSE æ–‡ä»¶
   22          * æ¬¢è¿å„ä½ä½¿ç”¨å¹¶ä¼ æ’­æœ¬ç¨‹åº ä½†ä¿®æ”¹å†…å®¹æ—¶å¿…é¡»ä¿ç•™é€é£ç§‘æŠ€çš„ç‰ˆæƒå£°æ˜ï¼ˆå³æœ¬
             -å£°æ˜ï¼‰
   23          * 
   24          * æ–‡ä»¶åç§°          zf_device_dl1a
   25          * å…¬å¸åç§°          æˆéƒ½é€é£ç§‘æŠ€æœ‰é™å…¬å¸
   26          * ç‰ˆæœ¬ä¿¡æ¯          æŸ¥çœ‹ libraries/doc æ–‡ä»¶å¤¹å†… version æ–‡ä»¶ ç‰ˆæœ¬è¯´æ˜
   27          * å¼€å‘ç¯å¢ƒ          MDK 5.37
   28          * é€‚ç”¨å¹³å°          MM32F527X_E9P
   29          * åº—é“ºé“¾æ¥          https://seekfree.taobao.com/
   30          * 
   31          * ä¿®æ”¹è®°å½•
   32          * æ—¥æœŸ              ä½œè€…                å¤‡æ³¨
   33          * 2022-08-10        Teternal            first version
   34          *********************************************************************************************************
             -***********/
   35          /********************************************************************************************************
             -*************
   36          * æ¥çº¿å®šä¹‰ï¼š
   37          *                   ------------------------------------
   38          *                   æ¨¡å—ç®¡è„š            å•ç‰‡æœºç®¡è„š
   39          *                   SCL                 æŸ¥çœ‹ zf_device_dl1a.h ä¸­ DL1A_SCL_PIN  å®å®šä¹‰
   40          *                   SDA                 æŸ¥çœ‹ zf_device_dl1a.h ä¸­ DL1A_SDA_PIN  å®å®šä¹‰
   41          *                   VCC                 5V ç”µæº
   42          *                   GND                 ç”µæºåœ°
   43          *                   ------------------------------------
   44          *********************************************************************************************************
             -***********/
   45          
   46          
   47          #include "zf_delay.h"
   48          #include "SEEKFREE_DL1A.h"
C251 COMPILER V5.60.0,  SEEKFREE_DL1A                                                      25/06/23  16:28:08  PAGE 2   

   49          
   50          
   51          #pragma warning disable = 183
   52          
   53          
   54          uint8 dl1a_finsh_flag;
   55          uint16 dl1a_distance_mm;
   56          
   57          
   58          
   59          #define GET_DL1A_SDA                    DL1A_SDA_PIN
   60          #define DL1A_SDA_LOW()          DL1A_SDA_PIN = 0                //IOå£è¾“å‡ºä½ç”µå¹³
   61          #define DL1A_SDA_HIGH()         DL1A_SDA_PIN = 1                //IOå£è¾“å‡ºé«˜ç”µå¹³
   62          
   63          #define DL1A_SCL_LOW()                  DL1A_SCL_PIN = 0                //IOå£è¾“å‡ºä½ç”µå¹³
   64          #define DL1A_SCL_HIGH()                 DL1A_SCL_PIN = 1                //IOå£è¾“å‡ºé«˜ç”µå¹³
   65          
   66          #define ack 1      //ä¸»åº”ç­”
   67          #define no_ack 0   //ä»åº”ç­”  
   68          
   69          //-------------------------------------------------------------------------------------------------------
             -------------
   70          //  @brief      æ¨¡æ‹ŸIICå»¶æ—¶
   71          //  @return     void                                            
   72          //  @since      v1.0
   73          //  Sample usage:                               å¦‚æœIICé€šè®¯å¤±è´¥å¯ä»¥å°è¯•å¢åŠ jçš„å€¼
   74          //-------------------------------------------------------------------------------------------------------
             -------------
   75          static void dl1a_simiic_delay(void)
   76          {
   77   1          uint16 j=DL1A_SOFT_IIC_DELAY;   
   78   1              while(j--);
   79   1      }
   80          
   81          //å†…éƒ¨ä½¿ç”¨ï¼Œç”¨æˆ·æ— éœ€è°ƒç”¨
   82          static void dl1a_simiic_start(void)
   83          {
   84   1              DL1A_SDA_HIGH();
   85   1              DL1A_SCL_HIGH();
   86   1              dl1a_simiic_delay();
   87   1              DL1A_SDA_LOW();
   88   1              dl1a_simiic_delay();
   89   1              DL1A_SCL_LOW();
   90   1      }
   91          
   92          //å†…éƒ¨ä½¿ç”¨ï¼Œç”¨æˆ·æ— éœ€è°ƒç”¨
   93          static void dl1a_simiic_stop(void)
   94          {
   95   1              DL1A_SDA_LOW();
   96   1              DL1A_SCL_LOW();
   97   1              dl1a_simiic_delay();
   98   1              DL1A_SCL_HIGH();
   99   1              dl1a_simiic_delay();
  100   1              DL1A_SDA_HIGH();
  101   1              dl1a_simiic_delay();
  102   1      }
  103          
  104          //ä¸»åº”ç­”(åŒ…å«ack:SDA=0å’Œno_ack:SDA=0)
  105          //å†…éƒ¨ä½¿ç”¨ï¼Œç”¨æˆ·æ— éœ€è°ƒç”¨
  106          static void dl1a_simiic_sendack(unsigned char ack_dat)
  107          {
  108   1          DL1A_SCL_LOW();
  109   1              dl1a_simiic_delay();
  110   1              if(ack_dat) DL1A_SDA_LOW();
  111   1          else        DL1A_SDA_HIGH();
  112   1      
C251 COMPILER V5.60.0,  SEEKFREE_DL1A                                                      25/06/23  16:28:08  PAGE 3   

  113   1          DL1A_SCL_HIGH();
  114   1          dl1a_simiic_delay();
  115   1          DL1A_SCL_LOW();
  116   1          dl1a_simiic_delay();
  117   1      }
  118          
  119          
  120          static int dl1a_sccb_waitack(void)
  121          {
  122   1          DL1A_SCL_LOW();
  123   1      
  124   1              dl1a_simiic_delay();
  125   1              
  126   1              DL1A_SCL_HIGH();
  127   1          dl1a_simiic_delay();
  128   1              
  129   1          if(GET_DL1A_SDA)           //åº”ç­”ä¸ºé«˜ç”µå¹³ï¼Œå¼‚å¸¸ï¼Œé€šä¿¡å¤±è´¥
  130   1          {
  131   2      
  132   2              DL1A_SCL_LOW();
  133   2              return 0;
  134   2          }
  135   1      
  136   1          DL1A_SCL_LOW();
  137   1              dl1a_simiic_delay();
  138   1          return 1;
  139   1      }
  140          
  141          //å­—èŠ‚å‘é€ç¨‹åº
  142          //å‘é€c(å¯ä»¥æ˜¯æ•°æ®ä¹Ÿå¯æ˜¯åœ°å€)ï¼Œé€å®Œåæ¥æ”¶ä»åº”ç­”
  143          //ä¸è€ƒè™‘ä»åº”ç­”ä½
  144          //å†…éƒ¨ä½¿ç”¨ï¼Œç”¨æˆ·æ— éœ€è°ƒç”¨
  145          static void dl1a_send_ch(uint8 c)
  146          {
  147   1              uint8 i = 8;
  148   1          while(i--)
  149   1          {
  150   2              if(c & 0x80)    DL1A_SDA_HIGH();//SDA è¾“å‡ºæ•°æ®
  151   2              else                    DL1A_SDA_LOW();
  152   2              c <<= 1;
  153   2              dl1a_simiic_delay();
  154   2              DL1A_SCL_HIGH();                //SCL æ‹‰é«˜ï¼Œé‡‡é›†ä¿¡å·
  155   2              dl1a_simiic_delay();
  156   2              DL1A_SCL_LOW();                //SCL æ—¶é’Ÿçº¿æ‹‰ä½
  157   2          }
  158   1              dl1a_sccb_waitack();
  159   1      }
  160          
  161          
  162          //å­—èŠ‚æ¥æ”¶ç¨‹åº
  163          //æ¥æ”¶å™¨ä»¶ä¼ æ¥çš„æ•°æ®ï¼Œæ­¤ç¨‹åºåº”é…åˆ|ä¸»åº”ç­”å‡½æ•°|ä½¿ç”¨
  164          //å†…éƒ¨ä½¿ç”¨ï¼Œç”¨æˆ·æ— éœ€è°ƒç”¨
  165          static uint8 dl1a_read_ch(uint8 ack_x)
  166          {
  167   1          uint8 i;
  168   1          uint8 c;
  169   1          c=0;
  170   1          DL1A_SCL_LOW();
  171   1          dl1a_simiic_delay();
  172   1          DL1A_SDA_HIGH();             
  173   1      
  174   1          for(i=0;i<8;i++)
  175   1          {
  176   2              dl1a_simiic_delay();
  177   2              DL1A_SCL_LOW();         //ç½®æ—¶é’Ÿçº¿ä¸ºä½ï¼Œå‡†å¤‡æ¥æ”¶æ•°æ®ä½
  178   2              dl1a_simiic_delay();
C251 COMPILER V5.60.0,  SEEKFREE_DL1A                                                      25/06/23  16:28:08  PAGE 4   

  179   2              DL1A_SCL_HIGH();         //ç½®æ—¶é’Ÿçº¿ä¸ºé«˜ï¼Œä½¿æ•°æ®çº¿ä¸Šæ•°æ®æœ‰æ•ˆ
  180   2              dl1a_simiic_delay();
  181   2              c<<=1;
  182   2              if(GET_DL1A_SDA) 
  183   2              {
  184   3                  c+=1;   //è¯»æ•°æ®ä½ï¼Œå°†æ¥æ”¶çš„æ•°æ®å­˜c
  185   3              }
  186   2          }
  187   1      
  188   1              DL1A_SCL_LOW();
  189   1              dl1a_simiic_delay();
  190   1              dl1a_simiic_sendack(ack_x);
  191   1              
  192   1          return c;
  193   1      }
  194          
  195          
  196          //-------------------------------------------------------------------------------------------------------
             -------------
  197          //  @brief      æ¨¡æ‹ŸIICå†™æ•°æ®åˆ°è®¾å¤‡å¯„å­˜å™¨å‡½æ•°
  198          //  @param      dev_add                 è®¾å¤‡åœ°å€(ä½ä¸ƒä½åœ°å€)
  199          //  @param      reg                             å¯„å­˜å™¨åœ°å€
  200          //  @param      dat                             å†™å…¥çš„æ•°æ®
  201          //  @return     void                                            
  202          //  @since      v1.0
  203          //  Sample usage:                               
  204          //-------------------------------------------------------------------------------------------------------
             -------------
  205          static void dl1a_simiic_write_dats(uint8 dev_add, uint8 *dat, uint32 len)
  206          {
  207   1              dl1a_simiic_start();
  208   1          dl1a_send_ch( (dev_add<<1) | 0x00);   //å‘é€å™¨ä»¶åœ°å€åŠ å†™ä½
  209   1              while(len--)
  210   1              {
  211   2                      dl1a_send_ch( *dat++ );                                  //å‘é€éœ€è¦å†™å…¥çš„æ•°æ®
  212   2              }
  213   1      
  214   1              
  215   1              dl1a_simiic_stop();
  216   1      }
  217          
  218          
  219          //-------------------------------------------------------------------------------------------------------
             -------------
  220          //  @brief      æ¨¡æ‹ŸIICå†™æ•°æ®åˆ°è®¾å¤‡å¯„å­˜å™¨å‡½æ•°
  221          //  @param      dev_add                 è®¾å¤‡åœ°å€(ä½ä¸ƒä½åœ°å€)
  222          //  @param      reg                             å¯„å­˜å™¨åœ°å€
  223          //  @param      dat                             å†™å…¥çš„æ•°æ®
  224          //  @return     void                                            
  225          //  @since      v1.0
  226          //  Sample usage:                               
  227          //-------------------------------------------------------------------------------------------------------
             -------------
  228          static void dl1a_simiic_write_reg(uint8 dev_add, uint8 reg, uint8 dat)
  229          {
  230   1              dl1a_simiic_start();
  231   1          dl1a_send_ch( (dev_add<<1) | 0x00);   //å‘é€å™¨ä»¶åœ°å€åŠ å†™ä½
  232   1              dl1a_send_ch( reg );                             //å‘é€ä»æœºå¯„å­˜å™¨åœ°å€
  233   1              dl1a_send_ch( dat );                             //å‘é€éœ€è¦å†™å…¥çš„æ•°æ®
  234   1              dl1a_simiic_stop();
  235   1      }
  236          
  237          //-------------------------------------------------------------------------------------------------------
             -------------
  238          //  @brief      æ¨¡æ‹ŸIICä»è®¾å¤‡å¯„å­˜å™¨è¯»å–æ•°æ®
  239          //  @param      dev_add                 è®¾å¤‡åœ°å€(ä½ä¸ƒä½åœ°å€)
C251 COMPILER V5.60.0,  SEEKFREE_DL1A                                                      25/06/23  16:28:08  PAGE 5   

  240          //  @param      reg                             å¯„å­˜å™¨åœ°å€
  241          //  @param      type                    é€‰æ‹©é€šä¿¡æ–¹å¼æ˜¯IIC  è¿˜æ˜¯ SCCB
  242          //  @return     uint8                   è¿”å›å¯„å­˜å™¨çš„æ•°æ®                        
  243          //  @since      v1.0
  244          //  Sample usage:                               
  245          //-------------------------------------------------------------------------------------------------------
             -------------
  246          static uint8 dl1a_simiic_read_reg(uint8 dev_add, uint8 reg)
  247          {
  248   1              uint8 dat;
  249   1              dl1a_simiic_start();
  250   1          dl1a_send_ch( (dev_add<<1) | 0x00);  //å‘é€å™¨ä»¶åœ°å€åŠ å†™ä½
  251   1              dl1a_send_ch( reg );                            //å‘é€ä»æœºå¯„å­˜å™¨åœ°å€
  252   1      
  253   1              
  254   1              dl1a_simiic_start();
  255   1              dl1a_send_ch( (dev_add<<1) | 0x01);  //å‘é€å™¨ä»¶åœ°å€åŠ è¯»ä½
  256   1              dat = dl1a_read_ch(no_ack);                             //è¯»å–æ•°æ®
  257   1              dl1a_simiic_stop();
  258   1              
  259   1              return dat;
  260   1      }
  261          
  262          //-------------------------------------------------------------------------------------------------------
             -------------
  263          //  @brief      æ¨¡æ‹ŸIICè¯»å–å¤šå­—èŠ‚æ•°æ®
  264          //  @param      dev_add                 è®¾å¤‡åœ°å€(ä½ä¸ƒä½åœ°å€)
  265          //  @param      reg                             å¯„å­˜å™¨åœ°å€
  266          //  @param      dat_add                 æ•°æ®ä¿å­˜çš„åœ°å€æŒ‡é’ˆ
  267          //  @param      num                             è¯»å–å­—èŠ‚æ•°é‡
  268          //  @param      type                    é€‰æ‹©é€šä¿¡æ–¹å¼æ˜¯IIC  è¿˜æ˜¯ SCCB
  269          //  @return     uint8                   è¿”å›å¯„å­˜å™¨çš„æ•°æ®                        
  270          //  @since      v1.0
  271          //  Sample usage:                               
  272          //-------------------------------------------------------------------------------------------------------
             -------------
  273          static void dl1a_simiic_read_regs(uint8 dev_add, uint8 reg, uint8 *dat_add, uint32 num)
  274          {
  275   1              dl1a_simiic_start();
  276   1          dl1a_send_ch( (dev_add<<1) | 0x00);  //å‘é€å™¨ä»¶åœ°å€åŠ å†™ä½
  277   1              dl1a_send_ch( reg );                            //å‘é€ä»æœºå¯„å­˜å™¨åœ°å€
  278   1      
  279   1              
  280   1              dl1a_simiic_start();
  281   1              dl1a_send_ch( (dev_add<<1) | 0x01);  //å‘é€å™¨ä»¶åœ°å€åŠ è¯»ä½
  282   1          while(--num)
  283   1          {
  284   2              *dat_add = dl1a_read_ch(ack); //è¯»å–æ•°æ®
  285   2              dat_add++;
  286   2          }
  287   1          *dat_add = dl1a_read_ch(no_ack); //è¯»å–æ•°æ®
  288   1              dl1a_simiic_stop();
  289   1      }
  290          
  291          //-------------------------------------------------------------------------------------------------------
             -------------
  292          //  @brief      æ¨¡æ‹ŸIICè¯»å–å¤šå­—èŠ‚æ•°æ®
  293          //  @param      dev_add                 è®¾å¤‡åœ°å€(ä½ä¸ƒä½åœ°å€)
  294          //  @param      reg                             å¯„å­˜å™¨åœ°å€
  295          //  @param      dat_add                 æ•°æ®ä¿å­˜çš„åœ°å€æŒ‡é’ˆ
  296          //  @param      num                             è¯»å–å­—èŠ‚æ•°é‡
  297          //  @param      type                    é€‰æ‹©é€šä¿¡æ–¹å¼æ˜¯IIC  è¿˜æ˜¯ SCCB
  298          //  @return     uint8                   è¿”å›å¯„å­˜å™¨çš„æ•°æ®                        
  299          //  @since      v1.0
  300          //  Sample usage:                               
  301          //-------------------------------------------------------------------------------------------------------
C251 COMPILER V5.60.0,  SEEKFREE_DL1A                                                      25/06/23  16:28:08  PAGE 6   

             -------------
  302          static void dl1a_simiic_read_regs_1(uint8 dev_add, uint8 reg, uint8 *dat_add, uint32 num)
  303          {
  304   1              dl1a_simiic_start();
  305   1          dl1a_send_ch( (dev_add<<1) | 0x00);  //å‘é€å™¨ä»¶åœ°å€åŠ å†™ä½
  306   1              dl1a_send_ch( reg );                            //å‘é€ä»æœºå¯„å­˜å™¨åœ°å€
  307   1      
  308   1              
  309   1              dl1a_simiic_start();
  310   1              dl1a_send_ch( (dev_add<<1) | 0x01);  //å‘é€å™¨ä»¶åœ°å€åŠ è¯»ä½
  311   1          while(--num)
  312   1          {
  313   2              *dat_add = dl1a_read_ch(ack); //è¯»å–æ•°æ®
  314   2              dat_add++;
  315   2          }
  316   1          *dat_add = dl1a_read_ch(no_ack); //è¯»å–æ•°æ®
  317   1              dl1a_simiic_stop();
  318   1      }
  319          
  320          
  321          #define dl1a_write_array(dat, len)          (dl1a_simiic_write_dats(DL1A_DEV_ADDR, (dat), (len)))
  322          #define dl1a_write_register(reg, dat)       (dl1a_simiic_write_reg(DL1A_DEV_ADDR, (reg), (dat)))
  323          #define dl1a_read_register(reg)             (dl1a_simiic_read_reg (DL1A_DEV_ADDR, (reg)))
  324          #define dl1a_read_registers(reg, dat, len)  (dl1a_simiic_read_regs(DL1A_DEV_ADDR, (reg), (dat), (len)))
  325          #define dl1a_read_registers_1(reg, dat, len)  (dl1a_simiic_read_regs_1(DL1A_DEV_ADDR, (reg), (dat), (len)
             -))
  326          
  327          // è¿™ä¸ªé€Ÿç‡è¡¨ç¤ºä»ç›®æ ‡åå°„å¹¶è¢«è®¾å¤‡æ£€æµ‹åˆ°çš„ä¿¡å·çš„æŒ¯å¹…
  328          // è®¾ç½®æ­¤é™åˆ¶å¯ä»¥ç¡®å®šä¼ æ„Ÿå™¨æŠ¥å‘Šæœ‰æ•ˆè¯»æ•°æ‰€éœ€çš„æœ€å°æµ‹é‡å€¼
  329          // è®¾ç½®ä¸€ä¸ªè¾ƒä½çš„é™åˆ¶å¯ä»¥å¢åŠ ä¼ æ„Ÿå™¨çš„æµ‹é‡èŒƒå›´
  330          // ä½†ä¼¼ä¹ä¹Ÿå¢åŠ äº† <ç”±äºæ¥è‡ªç›®æ ‡ä»¥å¤–çš„ç‰©ä½“çš„ä¸éœ€è¦çš„åå°„å¯¼è‡´> å¾—åˆ°ä¸å‡†ç¡®è¯
             -»æ•°çš„å¯èƒ½æ€§
  331          // é»˜è®¤ä¸º 0.25 MCPS å¯é¢„è®¾èŒƒå›´ä¸º 0 - 511.99
  332          #define DL1A_DEFAULT_RATE_LIMIT  (0.25)
  333          
  334          // ä»å¯„å­˜å™¨æ•°æ®è§£ç  PCLKs ä¸­ VCSEL (vertical cavity surface emitting laser) çš„è„‰å®½å‘¨æœŸ
  335          #define decode_vcsel_period(reg_val)            (((reg_val) + 1) << 1)
  336          
  337          // ä» PCLK ä¸­çš„ VCSEL å‘¨æœŸè®¡ç®—å®å‘¨æœŸ (ä»¥ *çº³ç§’ä¸ºå•ä½)
  338          // PLL_period_ps = 1655
  339          // macro_period_vclks = 2304
  340          #define calc_macro_period(vcsel_period_pclks)   ((((uint32)2304 * (vcsel_period_pclks) * 1655) + 500) / 1
             -000)
  341          
  342          //-------------------------------------------------------------------------------------------------------
             -------------
  343          // å‡½æ•°ç®€ä»‹     è·å–è®¾å¤‡ SPAD ä¿¡æ¯
  344          // å‚æ•°è¯´æ˜     index           ç´¢å¼•
  345          // å‚æ•°è¯´æ˜     type            ç±»å‹å€¼
  346          // è¿”å›å‚æ•°     uint8           æ˜¯å¦æˆåŠŸ 0-æˆåŠŸ 1-å¤±è´¥
  347          // ä½¿ç”¨ç¤ºä¾‹     dl1a_get_spad_info(index, type_is_aperture);
  348          // å¤‡æ³¨ä¿¡æ¯     
  349          //-------------------------------------------------------------------------------------------------------
             -------------
  350          static uint8 dl1a_get_spad_info (uint8 *index, uint8 *type_is_aperture)
  351          {
  352   1          uint8 tmp = 0;
  353   1          uint8 return_state = 0;
  354   1          volatile uint16 loop_count = 0;
  355   1      
  356   1          do
  357   1          {
  358   2              dl1a_write_register(0x80, 0x01);
  359   2              dl1a_write_register(0xFF, 0x01);
  360   2              dl1a_write_register(0x00, 0x00);
  361   2      
C251 COMPILER V5.60.0,  SEEKFREE_DL1A                                                      25/06/23  16:28:08  PAGE 7   

  362   2              dl1a_write_register(0xFF, 0x06);
  363   2              dl1a_read_registers(0x83, &tmp, 1);
  364   2              dl1a_write_register(0x83, tmp | 0x04);
  365   2              dl1a_write_register(0xFF, 0x07);
  366   2              dl1a_write_register(0x81, 0x01);
  367   2      
  368   2              dl1a_write_register(0x80, 0x01);
  369   2      
  370   2              dl1a_write_register(0x94, 0x6b);
  371   2              dl1a_write_register(0x83, 0x00);
  372   2      
  373   2              tmp = 0x00;
  374   2              while(tmp != 0x10)
  375   2              {
  376   3                  dl1a_read_registers(0x83, &tmp, 1);
  377   3                  loop_count++;
  378   3                  if(loop_count == DL1A_TIMEOUT_COUNT)
  379   3                  {
  380   4                      return_state = 1;
  381   4                      break;
  382   4                  }
  383   3              }
  384   2                      
  385   2              if(return_state)
  386   2              {
  387   3                  break;
  388   3              }
  389   2              dl1a_write_register(0x83, 0x01);
  390   2              dl1a_read_registers(0x92, &tmp, 1);
  391   2      
  392   2              *index = tmp & 0x7f;
  393   2              *type_is_aperture = (tmp >> 7) & 0x01;
  394   2      
  395   2              dl1a_write_register(0x81, 0x00);
  396   2              dl1a_write_register(0xFF, 0x06);
  397   2              dl1a_read_registers(0x83, &tmp, 1);
  398   2              dl1a_write_register(0x83, tmp);
  399   2              dl1a_write_register(0xFF, 0x01);
  400   2              dl1a_write_register(0x00, 0x01);
  401   2      
  402   2              dl1a_write_register(0xFF, 0x00);
  403   2              dl1a_write_register(0x80, 0x00);
  404   2          }while(0);
  405   1      
  406   1          return return_state;
  407   1      }
  408          
  409          //-------------------------------------------------------------------------------------------------------
             -------------
  410          // å‡½æ•°ç®€ä»‹     å°†è¶…æ—¶æ•°å€¼ä» MCLKs è½¬æ¢åˆ°å¯¹åº”çš„ ms
  411          // å‚æ•°è¯´æ˜     timeout_period_mclks    è¶…æ—¶å‘¨æœŸ MCLKs
  412          // å‚æ•°è¯´æ˜     vcsel_period_pclks      PCLK å€¼
  413          // è¿”å›å‚æ•°     uint32                  è¿”å›è¶…æ—¶æ•°å€¼
  414          // ä½¿ç”¨ç¤ºä¾‹     dl1a_timeout_mclks_to_microseconds(timeout_period_mclks, vcsel_period_pclks);
  415          // å¤‡æ³¨ä¿¡æ¯     å°†åºåˆ—æ­¥éª¤è¶…æ—¶ä»å…·æœ‰ç»™å®š VCSEL å‘¨æœŸçš„ MCLK (ä»¥ PCLK ä¸ºå•ä½)è½¬æ¢ä
             -¸ºå¾®ç§’
  416          //-------------------------------------------------------------------------------------------------------
             -------------
  417          static uint32 dl1a_timeout_mclks_to_microseconds (uint16 timeout_period_mclks, uint8 vcsel_period_pclks)
  418          {
  419   1          uint32 macro_period_ns = calc_macro_period(vcsel_period_pclks);
  420   1      
  421   1          return ((timeout_period_mclks * macro_period_ns) + (macro_period_ns / 2)) / 1000;
  422   1      }
  423          
  424          //-------------------------------------------------------------------------------------------------------
C251 COMPILER V5.60.0,  SEEKFREE_DL1A                                                      25/06/23  16:28:08  PAGE 8   

             -------------
  425          // å‡½æ•°ç®€ä»‹     å°†è¶…æ—¶æ•°å€¼ä» ms è½¬æ¢åˆ°å¯¹åº”çš„ MCLKs
  426          // å‚æ•°è¯´æ˜     timeout_period_us   è¶…æ—¶å‘¨æœŸ å¾®ç§’å•ä½
  427          // å‚æ•°è¯´æ˜     vcsel_period_pclks  PCLK å€¼
  428          // è¿”å›å‚æ•°     uint32              è¿”å›è¶…æ—¶æ•°å€¼
  429          // ä½¿ç”¨ç¤ºä¾‹     dl1a_timeout_microseconds_to_mclks(timeout_period_us, vcsel_period_pclks);
  430          // å¤‡æ³¨ä¿¡æ¯     å°†åºåˆ—æ­¥éª¤è¶…æ—¶ä»å¾®ç§’è½¬æ¢ä¸ºå…·æœ‰ç»™å®š VCSEL å‘¨æœŸçš„ MCLK (ä»¥ PCLK ä¸
             -ºå•ä½)
  431          //-------------------------------------------------------------------------------------------------------
             -------------
  432          static uint32 dl1a_timeout_microseconds_to_mclks (uint32 timeout_period_us, uint8 vcsel_period_pclks)
  433          {
  434   1          uint32 macro_period_ns = calc_macro_period(vcsel_period_pclks);
  435   1      
  436   1          return (((timeout_period_us * 1000) + (macro_period_ns / 2)) / macro_period_ns);
  437   1      }
  438          
  439          //-------------------------------------------------------------------------------------------------------
             -------------
  440          // å‡½æ•°ç®€ä»‹     å¯¹è¶…æ—¶æ•°å€¼è¿›è¡Œè§£ç 
  441          // å‚æ•°è¯´æ˜     reg_val         è¶…æ—¶æ—¶é•¿ å¯„å­˜å™¨å€¼
  442          // è¿”å›å‚æ•°     uint16          è¿”å›è¶…æ—¶æ•°å€¼
  443          // ä½¿ç”¨ç¤ºä¾‹     dl1a_decode_timeout(reg_val);
  444          // å¤‡æ³¨ä¿¡æ¯     ä»å¯„å­˜å™¨å€¼è§£ç  MCLK ä¸­çš„åºåˆ—æ­¥éª¤è¶…æ—¶   
  445          //-------------------------------------------------------------------------------------------------------
             -------------
  446          static uint16 dl1a_decode_timeout (uint16 reg_val)
  447          {
  448   1        // æ ¼å¼: (LSByte * 2 ^ MSByte) + 1
  449   1          return  (uint16)((reg_val & 0x00FF) <<
  450   1                  (uint16)((reg_val & 0xFF00) >> 8)) + 1;
  451   1      }
  452          
  453          //-------------------------------------------------------------------------------------------------------
             -------------
  454          // å‡½æ•°ç®€ä»‹     å¯¹è¶…æ—¶æ•°å€¼è¿›è¡Œç¼–ç 
  455          // å‚æ•°è¯´æ˜     timeout_mclks   è¶…æ—¶æ—¶é•¿ -MCLKs å€¼
  456          // è¿”å›å‚æ•°     uint16          è¿”å›ç¼–ç å€¼
  457          // ä½¿ç”¨ç¤ºä¾‹     dl1a_encode_timeout(timeout_mclks);
  458          // å¤‡æ³¨ä¿¡æ¯     åœ¨ MCLK ä¸­å¯¹è¶…æ—¶çš„åºåˆ—æ­¥éª¤è¶…æ—¶å¯„å­˜å™¨å€¼è¿›è¡Œç¼–ç 
  459          //-------------------------------------------------------------------------------------------------------
             -------------
  460          static uint16 dl1a_encode_timeout (uint16 timeout_mclks)
  461          {
  462   1          uint32 ls_byte = 0;
  463   1          uint16 ms_byte = 0;
  464   1          uint16 return_data = 0;
  465   1      
  466   1          if (timeout_mclks > 0)
  467   1          {
  468   2              // æ ¼å¼: (LSByte * 2 ^ MSByte) + 1
  469   2              ls_byte = timeout_mclks - 1;
  470   2              while ((ls_byte & 0xFFFFFF00) > 0)
  471   2              {
  472   3                  ls_byte >>= 1;
  473   3                  ms_byte++;
  474   3              }
  475   2              return_data = (ms_byte << 8) | (ls_byte & 0xFF);
  476   2          }
  477   1          return return_data;
  478   1      }
  479          
  480          //-------------------------------------------------------------------------------------------------------
             -------------
  481          // å‡½æ•°ç®€ä»‹     è·å–åºåˆ—æ­¥éª¤ä½¿èƒ½è®¾ç½®
  482          // å‚æ•°è¯´æ˜     enables         åºåˆ—ä½¿èƒ½æ­¥éª¤ç»“æ„ä½“
C251 COMPILER V5.60.0,  SEEKFREE_DL1A                                                      25/06/23  16:28:08  PAGE 9   

  483          // è¿”å›å‚æ•°     void
  484          // ä½¿ç”¨ç¤ºä¾‹     dl1a_get_sequence_step_enables(enables);
  485          // å¤‡æ³¨ä¿¡æ¯     
  486          //-------------------------------------------------------------------------------------------------------
             -------------
  487          static void dl1a_get_sequence_step_enables(dl1a_sequence_enables_step_struct *enables)
  488          {
  489   1          uint8 sequence_config = 0;
  490   1          dl1a_read_registers(DL1A_SYSTEM_SEQUENCE_CONFIG, &sequence_config, 1);
  491   1      
  492   1          enables->tcc          = (sequence_config >> 4) & 0x1;
  493   1          enables->dss          = (sequence_config >> 3) & 0x1;
  494   1          enables->msrc         = (sequence_config >> 2) & 0x1;
  495   1          enables->pre_range    = (sequence_config >> 6) & 0x1;
  496   1          enables->final_range  = (sequence_config >> 7) & 0x1;
  497   1      }
  498          
  499          //-------------------------------------------------------------------------------------------------------
             -------------
  500          // å‡½æ•°ç®€ä»‹     è·å–è„‰å†²å‘¨æœŸ
  501          // å‚æ•°è¯´æ˜     type            é¢„é‡ç¨‹ç±»å‹
  502          // è¿”å›å‚æ•°     uint8           è¿”å›çš„å‘¨æœŸå€¼
  503          // ä½¿ç”¨ç¤ºä¾‹     dl1a_get_vcsel_pulse_period(DL1A_VCSEL_PERIOD_PER_RANGE);
  504          // å¤‡æ³¨ä¿¡æ¯     åœ¨ PCLKs ä¸­è·å–ç»™å®šå‘¨æœŸç±»å‹çš„ VCSEL è„‰å†²å‘¨æœŸ
  505          //-------------------------------------------------------------------------------------------------------
             -------------
  506          static uint8 dl1a_get_vcsel_pulse_period (dl1a_vcsel_period_type_enum type)
  507          {
  508   1          uint8 data_buffer = 0;
  509   1          if (type == DL1A_VCSEL_PERIOD_PER_RANGE)
  510   1          {
  511   2              dl1a_read_registers(DL1A_PRE_RANGE_CONFIG_VCSEL_PERIOD, &data_buffer, 1);
  512   2              data_buffer = decode_vcsel_period(data_buffer);
  513   2          }
  514   1          else if (type == DL1A_VCSEL_PERIOD_FINAL_RANGE)
  515   1          {
  516   2              dl1a_read_registers(DL1A_FINAL_RANGE_CONFIG_VCSEL_PERIOD, &data_buffer, 1);
  517   2              data_buffer = decode_vcsel_period(data_buffer);
  518   2          }
  519   1          else
  520   1          {
  521   2              data_buffer = 255;
  522   2          }
  523   1          return data_buffer;
  524   1      }
  525          
  526          //-------------------------------------------------------------------------------------------------------
             -------------
  527          // å‡½æ•°ç®€ä»‹     è·å–åºåˆ—æ­¥éª¤è¶…æ—¶è®¾ç½®
  528          // å‚æ•°è¯´æ˜     enables         åºåˆ—ä½¿èƒ½æ­¥éª¤ç»“æ„ä½“
  529          // å‚æ•°è¯´æ˜     timeouts        åºåˆ—è¶…æ—¶æ­¥éª¤ç»“æ„ä½“
  530          // è¿”å›å‚æ•°     void
  531          // ä½¿ç”¨ç¤ºä¾‹     dl1a_get_sequence_step_timeouts(enables, timeouts);
  532          // å¤‡æ³¨ä¿¡æ¯     è·å–æ‰€æœ‰è¶…æ—¶è€Œä¸ä»…ä»…æ˜¯è¯·æ±‚çš„è¶…æ—¶ å¹¶ä¸”è¿˜å­˜å‚¨ä¸­é—´å€¼
  533          //-------------------------------------------------------------------------------------------------------
             -------------
  534          static void dl1a_get_sequence_step_timeouts (dl1a_sequence_enables_step_struct const *enables, dl1a_seque
             -nce_timeout_step_struct *timeouts)
  535          {
  536   1          uint8 reg_buffer[2];
  537   1          uint16 reg16_buffer = 0;
  538   1      
  539   1          timeouts->pre_range_vcsel_period_pclks = dl1a_get_vcsel_pulse_period(DL1A_VCSEL_PERIOD_PER_RANGE);
  540   1      
  541   1          dl1a_read_registers(DL1A_MSRC_CONFIG_TIMEOUT_MACROP, reg_buffer, 1);
  542   1          timeouts->msrc_dss_tcc_mclks = reg_buffer[0] + 1;
C251 COMPILER V5.60.0,  SEEKFREE_DL1A                                                      25/06/23  16:28:08  PAGE 10  

  543   1          timeouts->msrc_dss_tcc_us = dl1a_timeout_mclks_to_microseconds(timeouts->msrc_dss_tcc_mclks, (uint8)t
             -imeouts->pre_range_vcsel_period_pclks);
  544   1      
  545   1          dl1a_read_registers(DL1A_PRE_RANGE_CONFIG_TIMEOUT_MACROP_HI, reg_buffer, 2);
  546   1          reg16_buffer = ((uint16) reg_buffer[0] << 8) | reg_buffer[1];
  547   1          timeouts->pre_range_mclks = dl1a_decode_timeout(reg16_buffer);
  548   1          timeouts->pre_range_us = dl1a_timeout_mclks_to_microseconds(timeouts->pre_range_mclks, (uint8)timeout
             -s->pre_range_vcsel_period_pclks);
  549   1      
  550   1          timeouts->final_range_vcsel_period_pclks = dl1a_get_vcsel_pulse_period(DL1A_VCSEL_PERIOD_FINAL_RANGE)
             -;
  551   1      
  552   1          dl1a_read_registers(DL1A_FINAL_RANGE_CONFIG_TIMEOUT_MACROP_HI, reg_buffer, 2);
  553   1          reg16_buffer = ((uint16) reg_buffer[0] << 8) | reg_buffer[1];
  554   1          timeouts->final_range_mclks = dl1a_decode_timeout(reg16_buffer);
  555   1      
  556   1          if (enables->pre_range)
  557   1          {
  558   2              timeouts->final_range_mclks -= timeouts->pre_range_mclks;
  559   2          }
  560   1      
  561   1          timeouts->final_range_us = dl1a_timeout_mclks_to_microseconds(timeouts->final_range_mclks, (uint8)tim
             -eouts->final_range_vcsel_period_pclks);
  562   1      }
  563          
  564          //-------------------------------------------------------------------------------------------------------
             -------------
  565          // å‡½æ•°ç®€ä»‹     æ‰§è¡Œå•æ¬¡å‚è€ƒæ ¡å‡†
  566          // å‚æ•°è¯´æ˜     vhv_init_byte   é¢„è®¾æ ¡å‡†å€¼
  567          // è¿”å›å‚æ•°     uint8           æ“ä½œæ˜¯å¦æˆåŠŸ 0-æˆåŠŸ 1-å¤±è´¥
  568          // ä½¿ç”¨ç¤ºä¾‹     dl1a_get_vcsel_pulse_period(DL1A_VCSEL_PERIOD_PER_RANGE);
  569          // å¤‡æ³¨ä¿¡æ¯     åœ¨ PCLKs ä¸­è·å–ç»™å®šå‘¨æœŸç±»å‹çš„ VCSEL è„‰å†²å‘¨æœŸ
  570          //-------------------------------------------------------------------------------------------------------
             -------------
  571          static uint8 dl1a_perform_single_ref_calibration (uint8 vhv_init_byte)
  572          {
  573   1          uint8 return_state = 0;
  574   1          uint8 data_buffer = 0;
  575   1          volatile uint16 loop_count = 0;
  576   1          do
  577   1          {
  578   2              dl1a_write_register(DL1A_SYSRANGE_START, 0x01 | vhv_init_byte);
  579   2              dl1a_read_registers(DL1A_MSRC_CONFIG_TIMEOUT_MACROP, &data_buffer, 1);
  580   2              while ((data_buffer & 0x07) == 0)
  581   2              {
  582   3                  if (loop_count > 0x8fe0)
  583   3                  {
  584   4                      return_state = 1;
  585   4                      break;
  586   4                  }
  587   3                  if (loop_count++ % 0x10 == 0)
  588   3                  {
  589   4                      dl1a_read_registers(DL1A_MSRC_CONFIG_TIMEOUT_MACROP, &data_buffer, 1);
  590   4                  }
  591   3              }
  592   2              if(return_state)
  593   2              {
  594   3                  break;
  595   3              }
  596   2              dl1a_write_register(DL1A_SYSTEM_INTERRUPT_CLEAR, 0x01);
  597   2              dl1a_write_register(DL1A_SYSRANGE_START, 0x00);
  598   2          }while(0);
  599   1      
  600   1          return return_state;
  601   1      }
  602          
C251 COMPILER V5.60.0,  SEEKFREE_DL1A                                                      25/06/23  16:28:08  PAGE 11  

  603          //-------------------------------------------------------------------------------------------------------
             -------------
  604          // å‡½æ•°ç®€ä»‹     è®¾ç½®æµ‹é‡å®šæ—¶é¢„ç®— (ä»¥å¾®ç§’ä¸ºå•ä½)
  605          // å‚æ•°è¯´æ˜     budget_us       è®¾å®šçš„æµ‹é‡å…è®¸çš„æ—¶é—´
  606          // è¿”å›å‚æ•°     uint8           æ“ä½œç»“æœ 0-æˆåŠŸ 1-å¤±è´¥
  607          // ä½¿ç”¨ç¤ºä¾‹     dl1a_set_measurement_timing_budget(measurement_timing_budget_us);
  608          // å¤‡æ³¨ä¿¡æ¯     è¿™æ˜¯ä¸€æ¬¡æµ‹é‡å…è®¸çš„æ—¶é—´
  609          //              å³åœ¨æµ‹è·åºåˆ—çš„å­æ­¥éª¤ä¹‹é—´åˆ†é…æ—¶é—´é¢„ç®—
  610          //              æ›´é•¿çš„æ—¶é—´é¢„ç®—å…è®¸æ›´ç²¾ç¡®çš„æµ‹é‡
  611          //              å¢åŠ ä¸€ä¸ªNå€çš„é¢„ç®—å¯ä»¥å‡å°‘ä¸€ä¸ªsqrt(N)å€çš„èŒƒå›´æµ‹é‡æ ‡å‡†åå·®
  612          //              é»˜è®¤ä¸º33æ¯«ç§’ æœ€å°å€¼ä¸º20 ms
  613          //-------------------------------------------------------------------------------------------------------
             -------------
  614          static uint8 dl1a_set_measurement_timing_budget (uint32 budget_us)
  615          {
  616   1          uint8 return_state = 0;
  617   1          uint8 data_buffer[3];
  618   1          uint16 dat = 0;
  619   1              uint32 used_budget_us;
  620   1              uint32 final_range_timeout_us;
  621   1              uint16 final_range_timeout_mclks;
  622   1              
  623   1          dl1a_sequence_enables_step_struct enables;
  624   1          dl1a_sequence_timeout_step_struct timeouts;
  625   1      
  626   1          do
  627   1          {
  628   2              if (budget_us < DL1A_MIN_TIMING_BUDGET)
  629   2              {
  630   3                  return_state = 1;
  631   3                  break;
  632   3              }
  633   2      
  634   2              used_budget_us = DL1A_SET_START_OVERHEAD + DL1A_END_OVERHEAD;
  635   2              dl1a_get_sequence_step_enables(&enables);
  636   2              dl1a_get_sequence_step_timeouts(&enables, &timeouts);
  637   2      
  638   2              if (enables.tcc)
  639   2              {
  640   3                  used_budget_us += (timeouts.msrc_dss_tcc_us + DL1A_TCC_OVERHEAD);
  641   3              }
  642   2      
  643   2              if (enables.dss)
  644   2              {
  645   3                  used_budget_us += 2 * (timeouts.msrc_dss_tcc_us + DL1A_DSS_OVERHEAD);
  646   3              }
  647   2              else if (enables.msrc)
  648   2              {
  649   3                  used_budget_us += (timeouts.msrc_dss_tcc_us + DL1A_MSRC_OVERHEAD);
  650   3              }
  651   2      
  652   2              if (enables.pre_range)
  653   2              {
  654   3                  used_budget_us += (timeouts.pre_range_us + DL1A_PRERANGE_OVERHEAD);
  655   3              }
  656   2      
  657   2              if (enables.final_range)
  658   2              {
  659   3                  // è¯·æ³¨æ„ æœ€ç»ˆèŒƒå›´è¶…æ—¶ç”±è®¡æ—¶é¢„ç®—å’Œåºåˆ—ä¸­æ‰€æœ‰å…¶ä»–è¶…æ—¶çš„æ€»å’Œå†³å®š
  660   3                  // å¦‚æœæ²¡æœ‰ç©ºé—´ç”¨äºæœ€ç»ˆèŒƒå›´è¶…æ—¶ åˆ™å°†è®¾ç½®é”™è¯¯
  661   3                  // å¦åˆ™ å‰©ä½™æ—¶é—´å°†åº”ç”¨äºæœ€ç»ˆèŒƒå›´
  662   3                  used_budget_us += DL1A_FINALlRANGE_OVERHEAD;
  663   3                  if (used_budget_us > budget_us)
  664   3                  {
  665   4                      // è¯·æ±‚çš„è¶…æ—¶å¤ªå¤§
  666   4                      return_state = 1;
C251 COMPILER V5.60.0,  SEEKFREE_DL1A                                                      25/06/23  16:28:08  PAGE 12  

  667   4                      break;
  668   4                  }
  669   3      
  670   3                  // å¯¹äºæœ€ç»ˆè¶…æ—¶èŒƒå›´ å¿…é¡»æ·»åŠ é¢„é‡ç¨‹èŒƒå›´è¶…æ—¶
  671   3                  // ä¸ºæ­¤ æœ€ç»ˆè¶…æ—¶å’Œé¢„é‡ç¨‹è¶…æ—¶å¿…é¡»ä»¥å®å‘¨æœŸ MClks è¡¨ç¤º
  672   3                  // å› ä¸ºå®ƒä»¬å…·æœ‰ä¸åŒçš„ VCSEL å‘¨æœŸ
  673   3                  final_range_timeout_us = budget_us - used_budget_us;
  674   3                  final_range_timeout_mclks =
  675   3                  dl1a_timeout_microseconds_to_mclks(final_range_timeout_us,
  676   3                           (uint8)timeouts.final_range_vcsel_period_pclks);
  677   3      
  678   3                  if (enables.pre_range)
  679   3                  {
  680   4                      final_range_timeout_mclks += timeouts.pre_range_mclks;
  681   4                  }
  682   3      
  683   3                  dat = dl1a_encode_timeout(final_range_timeout_mclks);
  684   3                  data_buffer[0] = DL1A_FINAL_RANGE_CONFIG_TIMEOUT_MACROP_HI;
  685   3                  data_buffer[1] = ((dat >> 8) & 0xFF);
  686   3                  data_buffer[2] = (dat & 0xFF);
  687   3                  dl1a_write_array(data_buffer, 3);
  688   3              }
  689   2          }while(0);
  690   1          return return_state;
  691   1      }
  692          
  693          //-------------------------------------------------------------------------------------------------------
             -------------
  694          // å‡½æ•°ç®€ä»‹     è·å–æµ‹é‡å®šæ—¶é¢„ç®— (ä»¥å¾®ç§’ä¸ºå•ä½)
  695          // å‚æ•°è¯´æ˜     void
  696          // è¿”å›å‚æ•°     uint32          å·²è®¾å®šçš„æµ‹é‡å…è®¸çš„æ—¶é—´
  697          // ä½¿ç”¨ç¤ºä¾‹     dl1a_get_measurement_timing_budget();
  698          // å¤‡æ³¨ä¿¡æ¯     
  699          //-------------------------------------------------------------------------------------------------------
             -------------
  700          static uint32 dl1a_get_measurement_timing_budget (void)
  701          {
  702   1          dl1a_sequence_enables_step_struct enables;
  703   1          dl1a_sequence_timeout_step_struct timeouts;
  704   1      
  705   1          // å¼€å§‹å’Œç»“æŸå¼€é”€æ—¶é—´å§‹ç»ˆå­˜åœ¨
  706   1          uint32 budget_us = DL1A_GET_START_OVERHEAD + DL1A_END_OVERHEAD;
  707   1      
  708   1          dl1a_get_sequence_step_enables(&enables);
  709   1          dl1a_get_sequence_step_timeouts(&enables, &timeouts);
  710   1      
  711   1          if (enables.tcc)
  712   1          {
  713   2              budget_us += (timeouts.msrc_dss_tcc_us + DL1A_TCC_OVERHEAD);
  714   2          }
  715   1      
  716   1          if (enables.dss)
  717   1          {
  718   2              budget_us += 2 * (timeouts.msrc_dss_tcc_us + DL1A_DSS_OVERHEAD);
  719   2          }
  720   1          else if (enables.msrc)
  721   1          {
  722   2              budget_us += (timeouts.msrc_dss_tcc_us + DL1A_MSRC_OVERHEAD);
  723   2          }
  724   1      
  725   1          if (enables.pre_range)
  726   1          {
  727   2              budget_us += (timeouts.pre_range_us + DL1A_PRERANGE_OVERHEAD);
  728   2          }
  729   1      
  730   1          if (enables.final_range)
C251 COMPILER V5.60.0,  SEEKFREE_DL1A                                                      25/06/23  16:28:08  PAGE 13  

  731   1          {
  732   2              budget_us += (timeouts.final_range_us + DL1A_FINALlRANGE_OVERHEAD);
  733   2          }
  734   1      
  735   1          return budget_us;
  736   1      }
  737          
  738          //-------------------------------------------------------------------------------------------------------
             -------------
  739          // å‡½æ•°ç®€ä»‹     è®¾ç½®è¿”å›ä¿¡å·é€Ÿç‡é™åˆ¶ è¯¥å€¼å•ä½ä¸º MCPS (ç™¾ä¸‡æ¬¡æ¯ç§’)
  740          // å‚æ•°è¯´æ˜     limit_mcps      è®¾ç½®çš„æœ€å°é€Ÿç‡
  741          // è¿”å›å‚æ•°     void
  742          // ä½¿ç”¨ç¤ºä¾‹     dl1a_set_signal_rate_limit(0.25);
  743          // å¤‡æ³¨ä¿¡æ¯     è¿™ä¸ªé€Ÿç‡è¡¨ç¤ºä»ç›®æ ‡åå°„å¹¶è¢«è®¾å¤‡æ£€æµ‹åˆ°çš„ä¿¡å·çš„æŒ¯å¹…
  744          //              è®¾ç½®æ­¤é™åˆ¶å¯ä»¥ç¡®å®šä¼ æ„Ÿå™¨æŠ¥å‘Šæœ‰æ•ˆè¯»æ•°æ‰€éœ€çš„æœ€å°æµ‹é‡å€¼
  745          //              è®¾ç½®ä¸€ä¸ªè¾ƒä½çš„é™åˆ¶å¯ä»¥å¢åŠ ä¼ æ„Ÿå™¨çš„æµ‹é‡èŒƒå›´
  746          //              ä½†ä¼¼ä¹ä¹Ÿå¢åŠ äº† <ç”±äºæ¥è‡ªç›®æ ‡ä»¥å¤–çš„ç‰©ä½“çš„ä¸éœ€è¦çš„åå°„å¯¼è‡´> å¾—å
             -ˆ°ä¸å‡†ç¡®è¯»æ•°çš„å¯èƒ½æ€§
  747          //              é»˜è®¤ä¸º 0.25 MCPS å¯é¢„è®¾èŒƒå›´ä¸º 0 - 511.99
  748          //-------------------------------------------------------------------------------------------------------
             -------------
  749          static void dl1a_set_signal_rate_limit (float limit_mcps)
  750          {
  751   1              uint8 data_buffer[3];
  752   1          uint16 limit_mcps_16bit = (limit_mcps * (1 << 7));
  753   1          //zf_assert(limit_mcps >= 0 || limit_mcps <= 511.99);
  754   1      
  755   1      
  756   1          data_buffer[0] = DL1A_FINAL_RANGE_CONFIG_MIN_COUNT_RATE_RTN_LIMIT;
  757   1          data_buffer[1] = ((limit_mcps_16bit >> 8) & 0xFF);
  758   1          data_buffer[2] = (limit_mcps_16bit & 0xFF);
  759   1      
  760   1          dl1a_write_array(data_buffer, 3);
  761   1      }
  762          
  763          //-------------------------------------------------------------------------------------------------------
             -------------
  764          // å‡½æ•°ç®€ä»‹     è¿”å›ä»¥æ¯«ç±³ä¸ºå•ä½çš„èŒƒå›´è¯»æ•°
  765          // å‚æ•°è¯´æ˜     void
  766          // è¿”å›å‚æ•°     uint8           0-æ•°æ®æ— æ•ˆ 1-æ•°æ®æœ‰æ•ˆ
  767          // ä½¿ç”¨ç¤ºä¾‹     dl1a_get_distance();
  768          // å¤‡æ³¨ä¿¡æ¯     åœ¨å¼€å§‹å•æ¬¡å°„ç¨‹æµ‹é‡åä¹Ÿè°ƒç”¨æ­¤å‡½æ•°
  769          //-------------------------------------------------------------------------------------------------------
             -------------
  770          void dl1a_get_distance (void)
  771          {
  772   1          uint8 reg_databuffer[3];
  773   1      
  774   1          dl1a_read_registers_1(DL1A_RESULT_INTERRUPT_STATUS, reg_databuffer, 1);
  775   1          if((reg_databuffer[0] & 0x07) == 0)
  776   1          {
  777   2              dl1a_finsh_flag = 0;
  778   2          }
  779   1          else
  780   1          {
  781   2              // å‡è®¾çº¿æ€§åº¦æ ¡æ­£å¢ç›Šä¸ºé»˜è®¤å€¼ 1000 ä¸”æœªå¯ç”¨åˆ†æ•°èŒƒå›´
  782   2              dl1a_read_registers_1(DL1A_RESULT_RANGE_STATUS + 10, reg_databuffer, 2);
  783   2              dl1a_distance_mm = ((uint16)reg_databuffer[0] << 8);
  784   2              dl1a_distance_mm |= reg_databuffer[1];
  785   2      
  786   2              dl1a_write_register(DL1A_SYSTEM_INTERRUPT_CLEAR, 0x01);
  787   2              dl1a_finsh_flag = 1;
  788   2          }
  789   1      }
  790          
  791          //-------------------------------------------------------------------------------------------------------
C251 COMPILER V5.60.0,  SEEKFREE_DL1A                                                      25/06/23  16:28:08  PAGE 14  

             -------------
  792          // å‡½æ•°ç®€ä»‹     åˆå§‹åŒ– DL1A
  793          // å‚æ•°è¯´æ˜     void
  794          // è¿”å›å‚æ•°     uint8           1-åˆå§‹åŒ–å¤±è´¥ 0-åˆå§‹åŒ–æˆåŠŸ
  795          // ä½¿ç”¨ç¤ºä¾‹     dl1a_init();
  796          // å¤‡æ³¨ä¿¡æ¯     
  797          //-------------------------------------------------------------------------------------------------------
             -------------
  798          uint8 dl1a_init (void)
  799          {
  800   1          uint32 measurement_timing_budget_us = 0;
  801   1          uint8 stop_variable = 0;
  802   1          uint8 return_state = 0;
  803   1          uint8 reg_data_buffer = 0;
  804   1          uint8 ref_spad_map[6];
  805   1          uint8 data_buffer[7];
  806   1              uint8 i = 0;
  807   1              
  808   1          memset(ref_spad_map, 0, 6);
  809   1          memset(data_buffer, 0, 7);
  810   1          
  811   1          do
  812   1          {
  813   2              delay_ms(100);
  814   2              DL1A_XSHUT_PIN = 0;
  815   2              delay_ms(50);
  816   2              DL1A_XSHUT_PIN = 1;
  817   2              delay_ms(100);
  818   2      
  819   2              // -------------------------------- DL1A å¯åŠ¨åˆå§‹åŒ– --------------------------------
  820   2              reg_data_buffer = dl1a_read_register(DL1A_IO_VOLTAGE_CONFIG);         // ä¼ æ„Ÿå™¨é»˜è®¤ IO ä¸º 1
             -.8V æ¨¡å¼
  821   2              dl1a_write_register(DL1A_IO_VOLTAGE_CONFIG, reg_data_buffer | 0x01);  // é…ç½® IO ä¸º 2.8V æ¨¡å¼
             -
  822   2      
  823   2              dl1a_write_register(0x88, 0x00);                                         // è®¾ç½®ä¸ºæ ‡å‡† IIC æ
             -¨¡å¼
  824   2      
  825   2              dl1a_write_register(0x80, 0x01);
  826   2              dl1a_write_register(0xFF, 0x01);
  827   2              dl1a_write_register(0x00, 0x00);
  828   2      
  829   2              dl1a_read_registers(0x91, &stop_variable , 1);
  830   2      
  831   2              dl1a_write_register(0x00, 0x01);
  832   2              dl1a_write_register(0xFF, 0x00);
  833   2              dl1a_write_register(0x80, 0x00);
  834   2      
  835   2              // ç¦ç”¨ SIGNAL_RATE_MSRC(bit1) å’Œ SIGNAL_RATE_PRE_RANGE(bit4) é™åˆ¶æ£€æŸ¥
  836   2              reg_data_buffer = dl1a_read_register(DL1A_MSRC_CONFIG);
  837   2              dl1a_write_register(DL1A_MSRC_CONFIG, reg_data_buffer | 0x12);
  838   2      
  839   2              dl1a_set_signal_rate_limit(DL1A_DEFAULT_RATE_LIMIT);                  // è®¾ç½®ä¿¡å·é€Ÿç‡é™åˆ¶
  840   2              dl1a_write_register(DL1A_SYSTEM_SEQUENCE_CONFIG, 0xFF);
  841   2              // -------------------------------- DL1A å¯åŠ¨åˆå§‹åŒ– --------------------------------
  842   2      
  843   2              // -------------------------------- DL1A é…ç½®åˆå§‹åŒ– --------------------------------
  844   2              if (dl1a_get_spad_info(&data_buffer[0], &data_buffer[1]))
  845   2              {
  846   3                              return_state = 1;
  847   3                  // å¦‚æœç¨‹åºåœ¨è¾“å‡ºäº†æ–­è¨€ä¿¡æ¯ å¹¶ä¸”æç¤ºå‡ºé”™ä½ç½®åœ¨è¿™é‡Œ
  848   3                  // é‚£ä¹ˆå°±æ˜¯ dl1a è‡ªæ£€å‡ºé”™å¹¶è¶…æ—¶é€€å‡ºäº†
  849   3                  // æ£€æŸ¥ä¸€ä¸‹æ¥çº¿æœ‰æ²¡æœ‰é—®é¢˜ å¦‚æœæ²¡é—®é¢˜å¯èƒ½å°±æ˜¯åäº†
  850   3      
  851   3                              printf("dl1a init error.\r\n");
  852   3                              break;
C251 COMPILER V5.60.0,  SEEKFREE_DL1A                                                      25/06/23  16:28:08  PAGE 15  

  853   3              }
  854   2      
  855   2              // ä» GLOBAL_CONFIG_SPAD_ENABLES_REF_[0-6] è·å– SPAD map (RefGoodSpadMap) æ•°æ®
  856   2              dl1a_read_registers(DL1A_GLOBAL_CONFIG_SPAD_ENABLES_REF_0, ref_spad_map, 6);
  857   2      
  858   2              dl1a_write_register(0xFF, 0x01);
  859   2              dl1a_write_register(DL1A_DYNAMIC_SPAD_REF_EN_START_OFFSET, 0x00);
  860   2              dl1a_write_register(DL1A_DYNAMIC_SPAD_NUM_REQUESTED_REF_SPAD, 0x2C);
  861   2              dl1a_write_register(0xFF, 0x00);
  862   2              dl1a_write_register(DL1A_GLOBAL_CONFIG_REF_EN_START_SELECT, 0xB4);
  863   2      
  864   2              data_buffer[2] = data_buffer[1] ? 12 : 0; // 12 is the first aperture spad
  865   2              for (i = 0; i < 48; i++)
  866   2              {
  867   3                  if (i < data_buffer[2] || data_buffer[3] == data_buffer[0])
  868   3                  {
  869   4                      // æ­¤ä½ä½äºåº”å¯ç”¨çš„ç¬¬ä¸€ä¸ªä½
  870   4                      // æˆ–è€… (eference_spad_count) ä½å·²å¯ç”¨
  871   4                      // å› æ­¤æ­¤ä½ä¸ºé›¶
  872   4                      ref_spad_map[i / 8] &= ~(1 << (i % 8));
  873   4                  }
  874   3                  else if ((ref_spad_map[i / 8] >> (i % 8)) & 0x1)
  875   3                  {
  876   4                      data_buffer[3]++;
  877   4                  }
  878   3              }
  879   2      
  880   2              data_buffer[0] = DL1A_GLOBAL_CONFIG_SPAD_ENABLES_REF_0;
  881   2              for(i = 1; i < 7; i++)
  882   2              {
  883   3                  data_buffer[1] = ref_spad_map[i-1];
  884   3              }
  885   2              dl1a_write_array(data_buffer, 7);
  886   2      
  887   2              // é»˜è®¤è½¬æ¢è®¾ç½® version 02/11/2015_v36
  888   2              dl1a_write_register(0xFF, 0x01);
  889   2              dl1a_write_register(0x00, 0x00);
  890   2              dl1a_write_register(0xFF, 0x00);
  891   2              dl1a_write_register(0x09, 0x00);
  892   2              dl1a_write_register(0x10, 0x00);
  893   2              dl1a_write_register(0x11, 0x00);
  894   2              dl1a_write_register(0x24, 0x01);
  895   2              dl1a_write_register(0x25, 0xFF);
  896   2              dl1a_write_register(0x75, 0x00);
  897   2              dl1a_write_register(0xFF, 0x01);
  898   2              dl1a_write_register(0x4E, 0x2C);
  899   2              dl1a_write_register(0x48, 0x00);
  900   2              dl1a_write_register(0x30, 0x20);
  901   2              dl1a_write_register(0xFF, 0x00);
  902   2              dl1a_write_register(0x30, 0x09);
  903   2              dl1a_write_register(0x54, 0x00);
  904   2              dl1a_write_register(0x31, 0x04);
  905   2              dl1a_write_register(0x32, 0x03);
  906   2              dl1a_write_register(0x40, 0x83);
  907   2              dl1a_write_register(0x46, 0x25);
  908   2              dl1a_write_register(0x60, 0x00);
  909   2              dl1a_write_register(0x27, 0x00);
  910   2              dl1a_write_register(0x50, 0x06);
  911   2              dl1a_write_register(0x51, 0x00);
  912   2              dl1a_write_register(0x52, 0x96);
  913   2              dl1a_write_register(0x56, 0x08);
  914   2              dl1a_write_register(0x57, 0x30);
  915   2              dl1a_write_register(0x61, 0x00);
  916   2              dl1a_write_register(0x62, 0x00);
  917   2              dl1a_write_register(0x64, 0x00);
  918   2              dl1a_write_register(0x65, 0x00);
C251 COMPILER V5.60.0,  SEEKFREE_DL1A                                                      25/06/23  16:28:08  PAGE 16  

  919   2              dl1a_write_register(0x66, 0xA0);
  920   2              dl1a_write_register(0xFF, 0x01);
  921   2              dl1a_write_register(0x22, 0x32);
  922   2              dl1a_write_register(0x47, 0x14);
  923   2              dl1a_write_register(0x49, 0xFF);
  924   2              dl1a_write_register(0x4A, 0x00);
  925   2              dl1a_write_register(0xFF, 0x00);
  926   2              dl1a_write_register(0x7A, 0x0A);
  927   2              dl1a_write_register(0x7B, 0x00);
  928   2              dl1a_write_register(0x78, 0x21);
  929   2              dl1a_write_register(0xFF, 0x01);
  930   2              dl1a_write_register(0x23, 0x34);
  931   2              dl1a_write_register(0x42, 0x00);
  932   2              dl1a_write_register(0x44, 0xFF);
  933   2              dl1a_write_register(0x45, 0x26);
  934   2              dl1a_write_register(0x46, 0x05);
  935   2              dl1a_write_register(0x40, 0x40);
  936   2              dl1a_write_register(0x0E, 0x06);
  937   2              dl1a_write_register(0x20, 0x1A);
  938   2              dl1a_write_register(0x43, 0x40);
  939   2              dl1a_write_register(0xFF, 0x00);
  940   2              dl1a_write_register(0x34, 0x03);
  941   2              dl1a_write_register(0x35, 0x44);
  942   2              dl1a_write_register(0xFF, 0x01);
  943   2              dl1a_write_register(0x31, 0x04);
  944   2              dl1a_write_register(0x4B, 0x09);
  945   2              dl1a_write_register(0x4C, 0x05);
  946   2              dl1a_write_register(0x4D, 0x04);
  947   2              dl1a_write_register(0xFF, 0x00);
  948   2              dl1a_write_register(0x44, 0x00);
  949   2              dl1a_write_register(0x45, 0x20);
  950   2              dl1a_write_register(0x47, 0x08);
  951   2              dl1a_write_register(0x48, 0x28);
  952   2              dl1a_write_register(0x67, 0x00);
  953   2              dl1a_write_register(0x70, 0x04);
  954   2              dl1a_write_register(0x71, 0x01);
  955   2              dl1a_write_register(0x72, 0xFE);
  956   2              dl1a_write_register(0x76, 0x00);
  957   2              dl1a_write_register(0x77, 0x00);
  958   2              dl1a_write_register(0xFF, 0x01);
  959   2              dl1a_write_register(0x0D, 0x01);
  960   2              dl1a_write_register(0xFF, 0x00);
  961   2              dl1a_write_register(0x80, 0x01);
  962   2              dl1a_write_register(0x01, 0xF8);
  963   2              dl1a_write_register(0xFF, 0x01);
  964   2              dl1a_write_register(0x8E, 0x01);
  965   2              dl1a_write_register(0x00, 0x01);
  966   2              dl1a_write_register(0xFF, 0x00);
  967   2              dl1a_write_register(0x80, 0x00);
  968   2      
  969   2              // å°†ä¸­æ–­é…ç½®è®¾ç½®ä¸ºæ–°æ ·å“å°±ç»ª
  970   2              dl1a_write_register(DL1A_SYSTEM_INTERRUPT_GPIO_CONFIG, 0x04);
  971   2              reg_data_buffer = dl1a_read_register(DL1A_GPIO_HV_MUX_ACTIVE_HIGH);
  972   2              dl1a_write_register(DL1A_GPIO_HV_MUX_ACTIVE_HIGH, reg_data_buffer & ~0x10);
  973   2              dl1a_write_register(DL1A_SYSTEM_INTERRUPT_CLEAR, 0x01);
  974   2      
  975   2              measurement_timing_budget_us  = dl1a_get_measurement_timing_budget();
  976   2      
  977   2              // é»˜è®¤æƒ…å†µä¸‹ç¦ç”¨ MSRC å’Œ TCC
  978   2              // MSRC = Minimum Signal Rate Check
  979   2              // TCC = Target CentreCheck
  980   2              dl1a_write_register(DL1A_SYSTEM_SEQUENCE_CONFIG, 0xE8);
  981   2              dl1a_set_measurement_timing_budget(measurement_timing_budget_us);    // é‡æ–°è®¡ç®—æ—¶åºé¢„ç®—
  982   2              // -------------------------------- DL1A é…ç½®åˆå§‹åŒ– --------------------------------
  983   2      
  984   2              dl1a_write_register(DL1A_SYSTEM_SEQUENCE_CONFIG, 0x01);
C251 COMPILER V5.60.0,  SEEKFREE_DL1A                                                      25/06/23  16:28:08  PAGE 17  

  985   2              if (dl1a_perform_single_ref_calibration(0x40))
  986   2              {
  987   3                  return_state = 1;
  988   3                  break;
  989   3              }
  990   2              dl1a_write_register(DL1A_SYSTEM_SEQUENCE_CONFIG, 0x02);
  991   2              if (dl1a_perform_single_ref_calibration(0x00))
  992   2              {
  993   3                  return_state = 1;
  994   3                  break;
  995   3              }
  996   2              dl1a_write_register(DL1A_SYSTEM_SEQUENCE_CONFIG, 0xE8);           // æ¢å¤ä»¥å‰çš„åºåˆ—é…ç½®
  997   2      
  998   2              delay_ms(100);
  999   2      
 1000   2              dl1a_write_register(0x80, 0x01);
 1001   2              dl1a_write_register(0xFF, 0x01);
 1002   2              dl1a_write_register(0x00, 0x00);
 1003   2              dl1a_write_register(0x91, stop_variable);
 1004   2              dl1a_write_register(0x00, 0x01);
 1005   2              dl1a_write_register(0xFF, 0x00);
 1006   2              dl1a_write_register(0x80, 0x00);
 1007   2      
 1008   2              dl1a_write_register(DL1A_SYSRANGE_START, 0x02);
 1009   2          }while(0);
 1010   1      
 1011   1          return return_state;
 1012   1      }
 1013          


Module Information          Static   Overlayable
------------------------------------------------
  code size            =      3617     ------
  ecode size           =    ------     ------
  data size            =    ------     ------
  idata size           =    ------     ------
  pdata size           =    ------     ------
  xdata size           =    ------     ------
  xdata-const size     =    ------     ------
  edata size           =         3        122
  bit size             =    ------     ------
  ebit size            =    ------     ------
  bitaddressable size  =    ------     ------
  ebitaddressable size =    ------     ------
  far data size        =    ------     ------
  huge data size       =    ------     ------
  const size           =    ------     ------
  hconst size          =        19     ------
End of Module Information.


C251 COMPILATION COMPLETE.  0 WARNING(S),  0 ERROR(S)
